<?xml version="1.0" encoding="UTF-8"?>
<testsuite name="com.trello.qa.tests.OpenAppTest" tests="1" skipped="0" failures="0" errors="0" timestamp="2020-06-07T15:16:51" hostname="DESKTOP-I1N9HBP" time="0.0">
  <properties/>
  <testcase name="openAppTest" classname="com.trello.qa.tests.OpenAppTest" time="0.0"/>
  <system-out><![CDATA[App opened and work
]]></system-out>
  <system-err><![CDATA[июн 07, 2020 6:16:51 PM io.appium.java_client.remote.AppiumCommandExecutor$1 lambda$0
INFO: Detected dialect: W3C
]]></system-err>
</testsuite>
